Arguments: 
  /usr/local/bin/node /usr/local/bin/yarn add gh-pages

PATH: 
  /usr/local/bin:/usr/bin:/bin:/usr/sbin:/sbin:/Library/Apple/usr/bin

Yarn version: 
  1.22.10

Node version: 
  14.16.1

Platform: 
  darwin x64

Trace: 
  Error: https://registry.yarnpkg.com/rxjs/-/rxjs-6.6.7.tgz: ESOCKETTIMEDOUT
      at ClientRequest.<anonymous> (/usr/local/lib/node_modules/yarn/lib/cli.js:141289:19)
      at Object.onceWrapper (events.js:421:28)
      at ClientRequest.emit (events.js:315:20)
      at TLSSocket.emitRequestTimeout (_http_client.js:784:9)
      at Object.onceWrapper (events.js:421:28)
      at TLSSocket.emit (events.js:327:22)
      at TLSSocket.Socket._onTimeout (net.js:483:8)
      at listOnTimeout (internal/timers.js:554:17)
      at processTimers (internal/timers.js:497:7)

npm manifest: 
  {
    "name": "disney-plus-clone",
    "homepage": "https://tomqpr36.github.io/clones/disneyClone/disney-plus-clone/",
    "version": "0.1.0",
    "private": true,
    "dependencies": {
      "@reduxjs/toolkit": "^1.5.1",
      "@testing-library/jest-dom": "^4.2.4",
      "@testing-library/react": "^9.5.0",
      "@testing-library/user-event": "^7.2.1",
      "firebase": "^8.6.1",
      "firebase-tools": "^9.10.2",
      "react": "^17.0.2",
      "react-dom": "^17.0.2",
      "react-redux": "^7.2.4",
      "react-router-dom": "^5.2.0",
      "react-scripts": "4.0.3",
      "react-slick": "^0.28.1",
      "slick-carousel": "^1.8.1",
      "styled-components": "^5.3.0"
    },
    "scripts": {
      "predeploy": "npm run build",
      "deploy": "gh-pages -d build",
      "start": "react-scripts start",
      "build": "react-scripts build",
      "test": "react-scripts test",
      "eject": "react-scripts eject"
    },
    "eslintConfig": {
      "extends": "react-app"
    },
    "browserslist": {
      "production": [
        ">0.2%",
        "not dead",
        "not op_mini all"
      ],
      "development": [
        "last 1 chrome version",
        "last 1 firefox version",
        "last 1 safari version"
      ]
    },
    "devDependencies": {
      "gh-pages": "^3.1.0"
    }
  }

yarn manifest: 
  No manifest

Lockfile: 
  No lockfile
